<?xml version="1.0" encoding="UTF-8"?>
<testng-results ignored="0" total="1" passed="1" failed="0" skipped="0">
  <reporter-output>
  </reporter-output>
  <suite started-at="2024-05-18T19:06:57 EET" name="Default suite" finished-at="2024-05-18T19:07:02 EET" duration-ms="4999">
    <groups>
    </groups>
    <test started-at="2024-05-18T19:06:57 EET" name="Default test" finished-at="2024-05-18T19:07:02 EET" duration-ms="4999">
      <class name="Tests.SoapXmlRequest">
        <test-method signature="ValidateSoapXML()[pri:0, instance:Tests.SoapXmlRequest@4d5b6aac]" started-at="2024-05-18T19:06:57 EET" name="ValidateSoapXML" finished-at="2024-05-18T19:07:02 EET" duration-ms="4915" status="PASS">
          <reporter-output>
          </reporter-output>
        </test-method> <!-- ValidateSoapXML -->
      </class> <!-- Tests.SoapXmlRequest -->
    </test> <!-- Default test -->
  </suite> <!-- Default suite -->
</testng-results>
